------------------------------------------------------------
/usr/bin/pip run on Mon Dec 19 03:48:43 2016
Downloading/unpacking spacy

  Running setup.py egg_info for package spacy

    running egg_info
    writing requirements to pip-egg-info/spacy.egg-info/requires.txt
    writing pip-egg-info/spacy.egg-info/PKG-INFO
    writing top-level names to pip-egg-info/spacy.egg-info/top_level.txt
    writing dependency_links to pip-egg-info/spacy.egg-info/dependency_links.txt
    warning: manifest_maker: standard file '-c' not found
    

    reading manifest file 'pip-egg-info/spacy.egg-info/SOURCES.txt'
    reading manifest template 'MANIFEST.in'
    writing manifest file 'pip-egg-info/spacy.egg-info/SOURCES.txt'
Downloading/unpacking numpy>=1.7 (from spacy)

  Running setup.py egg_info for package numpy

    Running from numpy source directory.

    running egg_info
    writing pip-egg-info/numpy.egg-info/PKG-INFO
    writing top-level names to pip-egg-info/numpy.egg-info/top_level.txt
    writing dependency_links to pip-egg-info/numpy.egg-info/dependency_links.txt
    warning: manifest_maker: standard file '-c' not found
    

    reading manifest file 'pip-egg-info/numpy.egg-info/SOURCES.txt'
    reading manifest template 'MANIFEST.in'
    warning: no previously-included files matching '*.pyc' found anywhere in distribution

    warning: no previously-included files matching '*.pyo' found anywhere in distribution

    warning: no previously-included files matching '*.pyd' found anywhere in distribution

    writing manifest file 'pip-egg-info/numpy.egg-info/SOURCES.txt'
  Source in ./build/numpy has version 1.12.0b1, which satisfies requirement numpy>=1.7 (from spacy)
Downloading/unpacking murmurhash>=0.26,<0.27 (from spacy)

  Running setup.py egg_info for package murmurhash

    running egg_info
    writing pip-egg-info/murmurhash.egg-info/PKG-INFO
    writing top-level names to pip-egg-info/murmurhash.egg-info/top_level.txt
    writing dependency_links to pip-egg-info/murmurhash.egg-info/dependency_links.txt
    warning: manifest_maker: standard file '-c' not found
    

    reading manifest file 'pip-egg-info/murmurhash.egg-info/SOURCES.txt'
    reading manifest template 'MANIFEST.in'
    writing manifest file 'pip-egg-info/murmurhash.egg-info/SOURCES.txt'
  Source in ./build/murmurhash has version 0.26.4, which satisfies requirement murmurhash>=0.26,<0.27 (from spacy)
Downloading/unpacking cymem>=1.30,<1.32 (from spacy)

  Running setup.py egg_info for package cymem

    running egg_info
    writing pip-egg-info/cymem.egg-info/PKG-INFO
    writing top-level names to pip-egg-info/cymem.egg-info/top_level.txt
    writing dependency_links to pip-egg-info/cymem.egg-info/dependency_links.txt
    warning: manifest_maker: standard file '-c' not found
    

    package init file 'cymem/tests/__init__.py' not found (or not a regular file)

    reading manifest file 'pip-egg-info/cymem.egg-info/SOURCES.txt'
    reading manifest template 'MANIFEST.in'
    writing manifest file 'pip-egg-info/cymem.egg-info/SOURCES.txt'
  Source in ./build/cymem has version 1.31.2, which satisfies requirement cymem>=1.30,<1.32 (from spacy)
Downloading/unpacking preshed>=0.46.0,<0.47.0 (from spacy)

  Running setup.py egg_info for package preshed

    running egg_info
    writing requirements to pip-egg-info/preshed.egg-info/requires.txt
    writing pip-egg-info/preshed.egg-info/PKG-INFO
    writing top-level names to pip-egg-info/preshed.egg-info/top_level.txt
    writing dependency_links to pip-egg-info/preshed.egg-info/dependency_links.txt
    warning: manifest_maker: standard file '-c' not found
    

    reading manifest file 'pip-egg-info/preshed.egg-info/SOURCES.txt'
    reading manifest template 'MANIFEST.in'
    writing manifest file 'pip-egg-info/preshed.egg-info/SOURCES.txt'
  Source in ./build/preshed has version 0.46.4, which satisfies requirement preshed>=0.46.0,<0.47.0 (from spacy)
Downloading/unpacking thinc>=5.0.0,<5.1.0 (from spacy)

  Running setup.py egg_info for package thinc

    running egg_info
    writing requirements to pip-egg-info/thinc.egg-info/requires.txt
    writing pip-egg-info/thinc.egg-info/PKG-INFO
    writing top-level names to pip-egg-info/thinc.egg-info/top_level.txt
    writing dependency_links to pip-egg-info/thinc.egg-info/dependency_links.txt
    warning: manifest_maker: standard file '-c' not found
    

    reading manifest file 'pip-egg-info/thinc.egg-info/SOURCES.txt'
    reading manifest template 'MANIFEST.in'
    writing manifest file 'pip-egg-info/thinc.egg-info/SOURCES.txt'
  Source in ./build/thinc has version 5.0.8, which satisfies requirement thinc>=5.0.0,<5.1.0 (from spacy)
Downloading/unpacking plac (from spacy)

  Running setup.py egg_info for package plac

    running egg_info
    writing pip-egg-info/plac.egg-info/PKG-INFO
    writing top-level names to pip-egg-info/plac.egg-info/top_level.txt
    writing dependency_links to pip-egg-info/plac.egg-info/dependency_links.txt
    warning: manifest_maker: standard file '-c' not found
    

    reading manifest file 'pip-egg-info/plac.egg-info/SOURCES.txt'
    reading manifest template 'MANIFEST.in'
    warning: no files found matching 'doc/*.txt'

    writing manifest file 'pip-egg-info/plac.egg-info/SOURCES.txt'
  Source in ./build/plac has version 0.9.6, which satisfies requirement plac (from spacy)
Getting page http://pypi.python.org/simple/six
URLs to search for versions for six in /usr/lib/python2.7/dist-packages (from spacy):
* http://pypi.python.org/simple/six/
Getting page http://pypi.python.org/simple/six/
Analyzing links from page https://pypi.python.org/simple/six/
  Found link https://pypi.python.org/packages/02/c3/8e2a38edaac777ee2bbe479b3a65b020ade549efd6a224c2f4e95c818799/six-1.6.0.tar.gz#md5=eb22a24e8be9497dd71930bf2321b6ec (from https://pypi.python.org/simple/six/), version: 1.6.0
  Found link https://pypi.python.org/packages/02/f8/d16f06e49b0d2ef40548bf42826f926c8964ad3b1d00f8098dcc6ef15aea/six-1.3.0.tar.gz#md5=ec47fe6070a8a64c802363d2c2b1e2ee (from https://pypi.python.org/simple/six/), version: 1.3.0
  Found link https://pypi.python.org/packages/0b/5e/4b3f417a85d9cd30b172a1512a2d3cdd0ffb05a5deacb8adf2ef30db100d/six-1.5.1.tar.gz#md5=bb00c982fc0ec0dd6a760500b0941fa9 (from https://pypi.python.org/simple/six/), version: 1.5.1
  Found link https://pypi.python.org/packages/0e/f9/66471f9b7e9291cca697b2e61a10645a537f389a9d5c0679d50dd86b20f7/six-0.9.0.tar.gz#md5=5ce2947347101b9f54674c19ef88233d (from https://pypi.python.org/simple/six/), version: 0.9.0
  Found link https://pypi.python.org/packages/0f/dd/379fa572b72da0b482545116139529af8da92e686ea136271beecddd4e81/six-1.5.0.tar.gz#md5=72b33ff89f3b2f21dd2cb28fb94f7031 (from https://pypi.python.org/simple/six/), version: 1.5.0
  Skipping link https://pypi.python.org/packages/10/e3/a7f8eea80a9fa8358c1cd89ef489bc03675e69e54ed2982cd6f2a28d8295/six-1.9.0-py2.py3-none-any.whl#md5=9ac7e129a80f72d6fc1f0216f6e9627b (from https://pypi.python.org/simple/six/); unknown archive format: .whl
  Found link https://pypi.python.org/packages/11/3f/2b3c217c5427cdd12619024b1ee1b04d49e27fde5c29df2a0b92c26677c2/six-1.8.0.tar.gz#md5=1626eb24cc889110c38f7e786ec69885 (from https://pypi.python.org/simple/six/), version: 1.8.0
  Found link https://pypi.python.org/packages/16/64/1dc5e5976b17466fd7d712e59cbe9fb1e18bec153109e5ba3ed6c9102f1a/six-1.9.0.tar.gz#md5=476881ef4012262dfc8adc645ee786c4 (from https://pypi.python.org/simple/six/), version: 1.9.0
  Found link https://pypi.python.org/packages/1b/2a/ad686ae156581a70a7be28e7762f7d956bec30d62dafe9295b78dc019692/six-1.7.1.tar.gz#md5=f9fbad970c6e855cabde7ec1144b9058 (from https://pypi.python.org/simple/six/), version: 1.7.1
  Found link https://pypi.python.org/packages/1d/8e/220ce5a36dac3aabccee871a34561ceba82ce14b53760143cf5e01bb4d2c/six-1.5.2.tar.gz#md5=322b86d0c50a7d165c05600154cecc0a (from https://pypi.python.org/simple/six/), version: 1.5.2
  Skipping link https://pypi.python.org/packages/20/0a/617bf23511160454995bf1cbe6789f22beeb8b49c1f3b1bbf4b5cd6a55ca/six-1.7.0-py2.py3-none-any.whl#md5=e5ca7e89cc79d755ea128fc7e2cb136e (from https://pypi.python.org/simple/six/); unknown archive format: .whl
  Found link https://pypi.python.org/packages/2b/4a/233721f6c6afeed5a2034f617f120fa646da935039f08e67ab8dc008a3e6/six-1.7.3.tar.gz#md5=784c6e5541c3c4952de9c0a966a0a80b (from https://pypi.python.org/simple/six/), version: 1.7.3
  Skipping link https://pypi.python.org/packages/2e/a4/6dcb84af409b7bc0c258a0d6bd7e14231724d9a46b750c048f09d74d870c/six-1.7.3-py2.py3-none-any.whl#md5=5f34fe522765d398b21decdce62ebd1d (from https://pypi.python.org/simple/six/); unknown archive format: .whl
  Found link https://pypi.python.org/packages/4e/02/f08545a99829a04e841b6443267f216629c723c23fb9cfd17c99c068e33a/six-0.9.1.tar.gz#md5=1b249e0011355722f569406135a8ac93 (from https://pypi.python.org/simple/six/), version: 0.9.1
  Found link https://pypi.python.org/packages/4e/aa/73683ca0c4237891e33562e3f55bcaab972869959b97b397637519d92035/six-1.4.1.tar.gz#md5=bdbb9e12d3336c198695aa4cf3a61d62 (from https://pypi.python.org/simple/six/), version: 1.4.1
  Skipping link https://pypi.python.org/packages/54/45/8b5eef1ba0b79acbdab01435359f37ae13dc6c4aafaa444b805e3867386d/six-1.6.0-py2.py3-none-any.whl#md5=e2755cf8a1d8e4eda44a8e3436c458ca (from https://pypi.python.org/simple/six/); unknown archive format: .whl
  Found link https://pypi.python.org/packages/54/d4/8f7d631f1c3defa2ff4bd7c3daddcc5ed6eb9df7631f3cf24cc376aa3231/six-1.1.0.tar.gz#md5=9e8099b57cd27493a6988e9c9b313e23 (from https://pypi.python.org/simple/six/), version: 1.1.0
  Skipping link https://pypi.python.org/packages/60/84/72c628d5a4efffb23e2fb46cdbf8ee669046d8208ba5dab08f989b7bfe9c/six-1.5.1-py2.py3-none-any.whl#md5=2064b715201fa76a55dea75675ee19f2 (from https://pypi.python.org/simple/six/); unknown archive format: .whl
  Skipping link https://pypi.python.org/packages/6b/30/839b8059d1225dbd3a0dd97c3c370bbb978cde505e160b30515fb7be17d8/six-1.7.2-py2.py3-none-any.whl#md5=0e10f8d8e65257408e4428632859dad9 (from https://pypi.python.org/simple/six/); unknown archive format: .whl
  Found link https://pypi.python.org/packages/7e/16/792311d76b8e23da84e1b177fb973679de1c963391d0dcd7e963634bed4b/six-1.7.0.tar.gz#md5=92f7210da3db1e988979fa394aa41d7a (from https://pypi.python.org/simple/six/), version: 1.7.0
  Found link https://pypi.python.org/packages/8b/08/8f569ab2c81c1443ce43e29df2e7eec1ab7f005455f6c193793728b00f04/six-1.0b1.tar.gz#md5=cbfcc64af1f27162a6a6b5510e262c9d (from https://pypi.python.org/simple/six/), version: 1.0b1
  Found link https://pypi.python.org/packages/99/25/2df8760d6902620cfca85e36f07de491d14f2c325ecc01c1a5590d8af22d/six-1.4.0.tar.gz#md5=5fcab6a067b5ebf68ede2f4d02fe7547 (from https://pypi.python.org/simple/six/), version: 1.4.0
  Skipping link https://pypi.python.org/packages/a2/4b/2b4532b4eba116a02fc0b5e0b3540a073a61c003b7b6293b7b884afa8ff1/six-1.8.0-py2.py3-none-any.whl#md5=2f5f96148c68f3c1611f489678a8b445 (from https://pypi.python.org/simple/six/); unknown archive format: .whl
  Found link https://pypi.python.org/packages/a4/ed/a1410f4a3ae1492d87cbc7acdeea819db3caf6e526ef7032dd6fe50d2083/six-1.7.2.tar.gz#md5=4c26276583b01dfc73474cb32327af91 (from https://pypi.python.org/simple/six/), version: 1.7.2
  Found link https://pypi.python.org/packages/a6/af/4506a069312018665b8936e5d51b3aa013971ef65eab5231ef151a482dcd/six-1.0.0.tar.gz#md5=37c7ff036fdff2b1bb8d55e49ccb3b44 (from https://pypi.python.org/simple/six/), version: 1.0.0
  Skipping link https://pypi.python.org/packages/aa/ec/e6954e19e617c1b9860325f0995d456d8416c84a6cb9bce1c10998280b59/six-1.7.1-py2.py3-none-any.whl#md5=c3c1e251733acc9db947e75c9a02cf06 (from https://pypi.python.org/simple/six/); unknown archive format: .whl
  Found link https://pypi.python.org/packages/af/33/fa2097ac4bc7a9672517fdcb982bc7454fdd113f49f7ab353025b906a119/six-0.9.2.tar.gz#md5=92ea7c870396dd9222029a188c6bbd7f (from https://pypi.python.org/simple/six/), version: 0.9.2
  Found link https://pypi.python.org/packages/b3/b2/238e2590826bfdd113244a40d9d3eb26918bd798fc187e2360a8367068db/six-1.10.0.tar.gz#md5=34eed507548117b2ab523ab14b2f8b55 (from https://pypi.python.org/simple/six/), version: 1.10.0
  Skipping link https://pypi.python.org/packages/ba/19/aa48edcff9d0c396a4d009d362d0a0a1ac3db6f9d7d5736e0175b94d7ef8/six-1.6.1-py2.py3-none-any.whl#md5=ca195cc2271b03ae1c8750a88081c7f1 (from https://pypi.python.org/simple/six/); unknown archive format: .whl
  Skipping link https://pypi.python.org/packages/c7/a4/35520d20a8e4b3c28c9db705fffd4c7053e0236928951da32167e5078faa/six-1.5.2-py2.py3-none-any.whl#md5=ba32222ad0c5c7057a7c42e66e81289d (from https://pypi.python.org/simple/six/); unknown archive format: .whl
  Skipping link https://pypi.python.org/packages/c8/0a/b6723e1bc4c516cb687841499455a8505b44607ab535be01091c0f24f079/six-1.10.0-py2.py3-none-any.whl#md5=3ab558cf5d4f7a72611d59a81a315dc8 (from https://pypi.python.org/simple/six/); unknown archive format: .whl
  Skipping link https://pypi.python.org/packages/ca/15/e62a66024dded9640f8d39112330e6b108e7ab21a1b8618c2d1e2eea7e1d/six-1.5.0-py2.py3-none-any.whl#md5=3307efe2bc4ca8556befc9afe297c530 (from https://pypi.python.org/simple/six/); unknown archive format: .whl
  Found link https://pypi.python.org/packages/e8/70/b9c441d8c02b70eb3bf923c49944b8fc656f78a43c084d2a98534d7404e2/six-1.6.1.tar.gz#md5=07d606ac08595d795bf926cc9985674f (from https://pypi.python.org/simple/six/), version: 1.6.1
  Found link https://pypi.python.org/packages/e9/b4/0ccbc17cd49a812ab8363058bb12f0134cf2d3ba752391f309ddf567ae97/six-1.2.0.tar.gz#md5=2a5d1afc79912832ac78fd38e3d75d7e (from https://pypi.python.org/simple/six/), version: 1.2.0
Using version 1.10.0 (newest of versions: 1.10.0, 1.9.0, 1.8.0, 1.7.3, 1.7.2, 1.7.1, 1.7.0, 1.6.1, 1.6.0, 1.5.2, 1.5.1, 1.5.0, 1.4.1, 1.4.0, 1.3.0, 1.2.0, 1.1.0, 1.1.0, 1.0.0, 1.0b1, 0.9.2, 0.9.1, 0.9.0)
Downloading/unpacking six from https://pypi.python.org/packages/b3/b2/238e2590826bfdd113244a40d9d3eb26918bd798fc187e2360a8367068db/six-1.10.0.tar.gz#md5=34eed507548117b2ab523ab14b2f8b55 (from spacy)

  Downloading six-1.10.0.tar.gz

  Downloading from URL https://pypi.python.org/packages/b3/b2/238e2590826bfdd113244a40d9d3eb26918bd798fc187e2360a8367068db/six-1.10.0.tar.gz#md5=34eed507548117b2ab523ab14b2f8b55
  Running setup.py egg_info for package six

    running egg_info
    creating pip-egg-info/six.egg-info
    writing pip-egg-info/six.egg-info/PKG-INFO
    writing top-level names to pip-egg-info/six.egg-info/top_level.txt
    writing dependency_links to pip-egg-info/six.egg-info/dependency_links.txt
    writing manifest file 'pip-egg-info/six.egg-info/SOURCES.txt'
    warning: manifest_maker: standard file '-c' not found
    

    reading manifest file 'pip-egg-info/six.egg-info/SOURCES.txt'
    reading manifest template 'MANIFEST.in'
    no previously-included directories found matching 'documentation/_build'

    writing manifest file 'pip-egg-info/six.egg-info/SOURCES.txt'
  Source in ./build/six has version 1.10.0, which satisfies requirement six from https://pypi.python.org/packages/b3/b2/238e2590826bfdd113244a40d9d3eb26918bd798fc187e2360a8367068db/six-1.10.0.tar.gz#md5=34eed507548117b2ab523ab14b2f8b55 (from spacy)
Downloading/unpacking cloudpickle (from spacy)

  Running setup.py egg_info for package cloudpickle

    running egg_info
    writing pip-egg-info/cloudpickle.egg-info/PKG-INFO
    writing top-level names to pip-egg-info/cloudpickle.egg-info/top_level.txt
    writing dependency_links to pip-egg-info/cloudpickle.egg-info/dependency_links.txt
    warning: manifest_maker: standard file '-c' not found
    

    reading manifest file 'pip-egg-info/cloudpickle.egg-info/SOURCES.txt'
    reading manifest template 'MANIFEST.in'
    warning: no files found matching 'AUTHORS.rst'

    warning: no files found matching 'CONTRIBUTING.rst'

    warning: no files found matching 'HISTORY.rst'

    warning: no files found matching 'README.rst'

    warning: no previously-included files matching '__pycache__' found under directory '*'

    warning: no previously-included files matching '*.py[co]' found under directory '*'

    warning: no files found matching '*.rst' under directory 'docs'

    warning: no files found matching 'conf.py' under directory 'docs'

    warning: no files found matching 'Makefile' under directory 'docs'

    warning: no files found matching 'make.bat' under directory 'docs'

    writing manifest file 'pip-egg-info/cloudpickle.egg-info/SOURCES.txt'
  Source in ./build/cloudpickle has version 0.2.1, which satisfies requirement cloudpickle (from spacy)
Getting page http://pypi.python.org/simple/pathlib
URLs to search for versions for pathlib in /usr/local/lib/python2.7/dist-packages (from spacy):
* http://pypi.python.org/simple/pathlib/
Getting page http://pypi.python.org/simple/pathlib/
Analyzing links from page https://pypi.python.org/simple/pathlib/
  Found link https://pypi.python.org/packages/3c/a7/573e6c37775848cd2f9d0fcdf9dd168739f6534e6624573a968f3838d436/pathlib-0.1.tar.gz#md5=ca6593e39ce7c09fd287aaa75ac8b7fa (from https://pypi.python.org/simple/pathlib/), version: 0.1
  Found link https://pypi.python.org/packages/3d/1b/c00d36ceee53885203a96a398115efa6d7c5cad74d479723434aceb1607e/pathlib-0.4.tar.gz#md5=787ff754e5b4a387f2ffaeaf14276eec (from https://pypi.python.org/simple/pathlib/), version: 0.4
  Found link https://pypi.python.org/packages/4d/02/cde28769df6a2f9244ead226d7007d69be231ed88b0970a91db533b5025d/pathlib-0.5.tar.gz#md5=5ba364b0351de4432229a6268e1b1e54 (from https://pypi.python.org/simple/pathlib/), version: 0.5
  Found link https://pypi.python.org/packages/50/9a/988cc7f0db80c04c3049f307b7d66c31f04586c35691c929616c77b9548a/pathlib-0.6.tar.gz#md5=de7e959829c60532c69e4636a1520f63 (from https://pypi.python.org/simple/pathlib/), version: 0.6
  Found link https://pypi.python.org/packages/5b/fa/22109d790bf83e240905976a4aea85c7661760697afee7da48bf07fb2d36/pathlib-0.8.tar.gz#md5=f05cb8074e73cac0965e8d8fb1c26dc5 (from https://pypi.python.org/simple/pathlib/), version: 0.8
  Found link https://pypi.python.org/packages/6f/85/18e02b1fcaa149ab80cd09e658f9872934ae6f14f39add3f6f712175c88c/pathlib-0.97.tar.gz#md5=44604062d4c0e95a674ecb92d3a5cf00 (from https://pypi.python.org/simple/pathlib/), version: 0.97
  Found link https://pypi.python.org/packages/79/05/41799097aad06630589e3b46753acb665f2a0b6afcf69550d48517aeb4ed/pathlib-1.0.tar.gz#md5=a0a834e2ac9e280f9cfc3a06f5ac1ca3 (from https://pypi.python.org/simple/pathlib/), version: 1.0
  Found link https://pypi.python.org/packages/81/4b/23433a0aa0273ee3ac511d58d4a8c6815554b84a71caab02dc3f0cd79b17/pathlib-0.2.tar.gz#md5=5d556faed82e58bc6bd2a9494a806803 (from https://pypi.python.org/simple/pathlib/), version: 0.2
  Found link https://pypi.python.org/packages/94/6b/2239738ba4f46b917cabdbd1d8bdc7c443a9498a6fa83dad388a785a872b/pathlib-0.3.tar.gz#md5=7fdba672539288d269629c4879daa3d3 (from https://pypi.python.org/simple/pathlib/), version: 0.3
  Found link https://pypi.python.org/packages/ac/aa/9b065a76b9af472437a0059f77e8f962fe350438b927cb80184c32f075eb/pathlib-1.0.1.tar.gz#md5=5099ed48be9b1ee29b31c82819240537 (from https://pypi.python.org/simple/pathlib/), version: 1.0.1
  Found link https://pypi.python.org/packages/cb/6e/71dd5e7b1c80bb26f9775c6e7d068714f3929a4d5dfddad0f8cc83aefefe/pathlib-0.7.tar.gz#md5=9e2749f2dc53027b1173343fbd1ca69e (from https://pypi.python.org/simple/pathlib/), version: 0.7
Installed version (1.0.1) is most up-to-date (past versions: 1.0.1, 1.0, 0.97, 0.8, 0.7, 0.6, 0.5, 0.4, 0.3, 0.2, 0.1)
Requirement already up-to-date: pathlib in /usr/local/lib/python2.7/dist-packages (from spacy)

Downloading/unpacking sputnik>=0.9.2,<0.10.0 (from spacy)

  Running setup.py egg_info for package sputnik

    running egg_info
    writing requirements to pip-egg-info/sputnik.egg-info/requires.txt
    writing pip-egg-info/sputnik.egg-info/PKG-INFO
    writing top-level names to pip-egg-info/sputnik.egg-info/top_level.txt
    writing dependency_links to pip-egg-info/sputnik.egg-info/dependency_links.txt
    writing entry points to pip-egg-info/sputnik.egg-info/entry_points.txt
    warning: manifest_maker: standard file '-c' not found
    

    reading manifest file 'pip-egg-info/sputnik.egg-info/SOURCES.txt'
    reading manifest template 'MANIFEST.in'
    writing manifest file 'pip-egg-info/sputnik.egg-info/SOURCES.txt'
  Source in ./build/sputnik has version 0.9.3, which satisfies requirement sputnik>=0.9.2,<0.10.0 (from spacy)
Downloading/unpacking ujson>=1.35 (from spacy)

  Running setup.py egg_info for package ujson

    running egg_info
    writing pip-egg-info/ujson.egg-info/PKG-INFO
    writing top-level names to pip-egg-info/ujson.egg-info/top_level.txt
    writing dependency_links to pip-egg-info/ujson.egg-info/dependency_links.txt
    warning: manifest_maker: standard file '-c' not found
    

    reading manifest file 'pip-egg-info/ujson.egg-info/SOURCES.txt'
    reading manifest template 'MANIFEST.in'
    writing manifest file 'pip-egg-info/ujson.egg-info/SOURCES.txt'
  Source in ./build/ujson has version 1.35, which satisfies requirement ujson>=1.35 (from spacy)
Getting page http://pypi.python.org/simple/semver
URLs to search for versions for semver in /usr/local/lib/python2.7/dist-packages (from sputnik>=0.9.2,<0.10.0->spacy):
* http://pypi.python.org/simple/semver/
Getting page http://pypi.python.org/simple/semver/
Analyzing links from page https://pypi.python.org/simple/semver/
  Skipping link https://pypi.python.org/packages/08/06/cba21898e3198b547637f8ebe1045cff93add6cfd5357c37cc2dff72377a/semver-2.1.0.macosx-10.10-x86_64.exe#md5=9de339ab681afbf8b815c4386109656c (from https://pypi.python.org/simple/semver/); unknown archive format: .exe
  Found link https://pypi.python.org/packages/0a/ac/d8f4cb81b44381555dc2cc449a1af1606a4a526be2849c8fa134d5a31c32/semver-2.7.1.tar.gz#md5=391233b7412436f350ccd370dd3a6ac7 (from https://pypi.python.org/simple/semver/), version: 2.7.1
  Skipping link https://pypi.python.org/packages/0e/df/7b144bb195f3e42935bec3228f62a806d5c117c239765d799edc2ecdc8a6/semver-2.4.0.macosx-10.11-x86_64.exe#md5=bf1594170e5186857d1476a7304837d9 (from https://pypi.python.org/simple/semver/); unknown archive format: .exe
  Skipping link https://pypi.python.org/packages/13/0c/a3ac8865b6b023f62a0e7aa6f8aa43f970eedd5190d40918d3deec8e97ae/semver-2.7.2.macosx-10.11-x86_64.exe#md5=286639d490c641497006f1676167ddc9 (from https://pypi.python.org/simple/semver/); unknown archive format: .exe
  Skipping link https://pypi.python.org/packages/16/e5/95a17c078ad4b7bf469da386c9a25866cef6ef23667fe98ac3d390f19e62/semver-2.2.0.macosx-10.10-x86_64.exe#md5=e58dd5357654984fd2fe5b1ecfc87842 (from https://pypi.python.org/simple/semver/); unknown archive format: .exe
  Found link https://pypi.python.org/packages/1b/32/925bb06ce52f937f8f6cbc3e69ea8e8c95e9fd21c26832a8d61fed8b554a/semver-2.1.0.tar.gz#md5=287eccfddef4892eeea415c9e7492196 (from https://pypi.python.org/simple/semver/), version: 2.1.0
  Found link https://pypi.python.org/packages/1e/80/075a7683e49867cfbbc29697ebfce43eb660a00701166f778d47361c1b11/semver-2.4.2.tar.gz#md5=8461d5a6ecef36e9c2e88639d3903e14 (from https://pypi.python.org/simple/semver/), version: 2.4.2
  Found link https://pypi.python.org/packages/29/3f/67a024b8ec3107b8b0216453b9d4fe5986440d42b74ed530c7c0800d1661/semver-2.1.1.tar.gz#md5=03583c67c94da65922aff350fcea7824 (from https://pypi.python.org/simple/semver/), version: 2.1.1
  Found link https://pypi.python.org/packages/29/58/fc4b1e887fbb2b1a4d972c8eccd94782607b5dc706c3245b6b435cdb013f/semver-2.2.1.tar.gz#md5=1a1b10decf20d4f899cef497f4c98a83 (from https://pypi.python.org/simple/semver/), version: 2.2.1
  Skipping link https://pypi.python.org/packages/2e/cf/1fc213755c4ff2cc08596e4f923d5586ec8cac66a06755600539c3499e05/semver-2.7.0.macosx-10.11-x86_64.exe#md5=a280b1283deb6300267392ae93d867b2 (from https://pypi.python.org/simple/semver/); unknown archive format: .exe
  Found link https://pypi.python.org/packages/32/44/5a878276fb81dedf2a74ff3c75e663d7d3c2cd2b0f01ea77acf3b32bfb25/semver-2.3.1.tar.gz#md5=d49f6ec23a71a8d780fe429fd79b9db1 (from https://pypi.python.org/simple/semver/), version: 2.3.1
  Skipping link https://pypi.python.org/packages/3d/49/a912283510a2f6c754a2ee65396e8de4e74e744a9d262edd3e2266bebda9/semver-2.1.2.macosx-10.10-x86_64.exe#md5=f3b7e006631e9b634945bba394b15ac7 (from https://pypi.python.org/simple/semver/); unknown archive format: .exe
  Skipping link https://pypi.python.org/packages/3e/0e/e91615ffdcbe3c6811d93fc7402f17de90c3443c79fe0764b8994c7fc75c/semver-2.1.1.macosx-10.10-x86_64.exe#md5=41c6cd11cb3dba4ca16b68bfcad485fa (from https://pypi.python.org/simple/semver/); unknown archive format: .exe
  Skipping link https://pypi.python.org/packages/40/8a/d064dec191e71afe4367cee1e1a6c15649b99e64cff7c4734179f87c5fa2/semver-2.3.0.macosx-10.11-x86_64.exe#md5=6c1582e74c8bdf613ba8d65f5ebea0e4 (from https://pypi.python.org/simple/semver/); unknown archive format: .exe
  Found link https://pypi.python.org/packages/4a/cc/b2fe8fe0023474c77d6eca0c92205bce46632ffda8487f14c7d67276023d/semver-2.4.0.tar.gz#md5=acf7027231978200fbaf89b7cb2d7ef3 (from https://pypi.python.org/simple/semver/), version: 2.4.0
  Found link https://pypi.python.org/packages/55/a5/affea9953cbe9ab41d604fd8d134dfea0306c8bd803c691af85d5e6fb047/semver-2.0.0.tar.gz#md5=e1557911c0225d0bd509d2c2299a6b0b (from https://pypi.python.org/simple/semver/), version: 2.0.0
  Skipping link https://pypi.python.org/packages/59/9b/e853006b0f64cefbe0948a08b4c69ac6eb516726e60065ffa053d7e8e218/semver-2.2.1.macosx-10.10-x86_64.exe#md5=d30030cae2e6482da47e6ce5dda9a0ed (from https://pypi.python.org/simple/semver/); unknown archive format: .exe
  Found link https://pypi.python.org/packages/60/ec/9d6d35be1bef24f89dca804eb6ec19559ebc82932bcc68c61f46ff7e6308/semver-2.0.1.tar.gz#md5=8833aed437c0ef85b056352a9982d730 (from https://pypi.python.org/simple/semver/), version: 2.0.1
  Found link https://pypi.python.org/packages/6a/31/70f8aaa54b8a66d7d7a7cdba1d6a98e6e48184d7d24b4093b8dbb85969cb/semver-2.7.0.tar.gz#md5=98e5a0e752388ec39e871eab8d569dfa (from https://pypi.python.org/simple/semver/), version: 2.7.0
  Found link https://pypi.python.org/packages/6a/b4/d901be05d4d7a6537b61d8d1839a8a60d2102e80e315168433d3c0bb42b1/semver-2.5.0.tar.gz#md5=fcf1e887c40ef0385ceef78614b6c2d6 (from https://pypi.python.org/simple/semver/), version: 2.5.0
  Skipping link https://pypi.python.org/packages/75/89/44e87ff88eda5d708020e7017e0e2586ef04f2debe4c36c5f5f70acf2f42/semver-2.4.1.macosx-10.11-x86_64.exe#md5=ca8ac1ed7d86ffb6d19404ecc03c95fb (from https://pypi.python.org/simple/semver/); unknown archive format: .exe
  Skipping link https://pypi.python.org/packages/7d/26/31e30fb0568c8342ce3d9065d9b3101a08af18f40ae1c0d46af84166796c/semver-2.4.2.macosx-10.11-x86_64.exe#md5=939f8714500dd0ec211e1da1e861b4d4 (from https://pypi.python.org/simple/semver/); unknown archive format: .exe
  Found link https://pypi.python.org/packages/7d/c6/6dec51e718eecd896ffad7f0c773829bdc7a0f32fdce96fb68f549ff7019/semver-2.3.0.tar.gz#md5=bf72d7675f4f9a10f1440a31887fbc8b (from https://pypi.python.org/simple/semver/), version: 2.3.0
  Skipping link https://pypi.python.org/packages/81/db/7727ffbc6a99b29f52a06245f09b30da5944e6a97d03e3f8852721ded3e0/semver-2.7.1.macosx-10.11-x86_64.exe#md5=aedbbcfe0a1124ce6b9873126480afd1 (from https://pypi.python.org/simple/semver/); unknown archive format: .exe
  Found link https://pypi.python.org/packages/86/35/7a319faed048555cbd9fe7ca17cccfc09b3de77cbf19b174e3c1929d8ae9/semver-0.0.2.tar.gz#md5=8f16b119da8a4d4675c16123499573ab (from https://pypi.python.org/simple/semver/), version: 0.0.2
  Skipping link https://pypi.python.org/packages/89/11/1d3e47b7611d385405608dd8671bbaeb6d334b2adc52919a0cc8c002ff6c/semver-2.0.2.macosx-10.10-x86_64.exe#md5=d7dad283815795513bdd9223429f16eb (from https://pypi.python.org/simple/semver/); unknown archive format: .exe
  Found link https://pypi.python.org/packages/93/e0/7659e5b35b7277fe66d31ce747556ed41c5c4657df51250827f0261de9e3/semver-2.1.2.tar.gz#md5=bb325b641087aa9022c30f891cd6bfd9 (from https://pypi.python.org/simple/semver/), version: 2.1.2
  Skipping link https://pypi.python.org/packages/9d/2e/4b41d231f5a6ebb16694bd8710aeed88b0f5fb0e41200a61fb93a9bae09b/semver-2.3.1.macosx-10.11-x86_64.exe#md5=fab9b9a3d350816d24fcc3dd1fbff868 (from https://pypi.python.org/simple/semver/); unknown archive format: .exe
  Found link https://pypi.python.org/packages/ad/60/9a476f0d92266ac4bb5223e62c03d6c0fb4b3dfacc98c239ee4374e8742d/semver-2.2.0.tar.gz#md5=8ec2e6be2d0000e6d362931555fbc222 (from https://pypi.python.org/simple/semver/), version: 2.2.0
  Skipping link https://pypi.python.org/packages/b8/d2/d05eb6529cba7f9d96de5e1bbc1eb97b222317ca3c52da74a89fbc38f609/semver-2.5.0.macosx-10.11-x86_64.exe#md5=31f3eaae15341a485ae1fd2e2b344ede (from https://pypi.python.org/simple/semver/); unknown archive format: .exe
  Found link https://pypi.python.org/packages/bd/46/86ebc497ece1ab47732197ac6a3c8189a80cdd1079aa2dda43865598428a/semver-2.4.1.tar.gz#md5=3ece076185e3f67518f1957ff9f0ce53 (from https://pypi.python.org/simple/semver/), version: 2.4.1
  Found link https://pypi.python.org/packages/c6/47/54611c019d3fb1b31aee502c4893f56c4a329fb614f785c2af7f5846939a/semver-2.6.0.tar.gz#md5=a41da8cb8e8cdd56b281cec901c75a7b (from https://pypi.python.org/simple/semver/), version: 2.6.0
  Found link https://pypi.python.org/packages/dd/b0/93af40ac7a5d45e410da95b744e562a2e0ba4a051df8d42ceea1b920dff8/semver-2.0.2.tar.gz#md5=e38db2eaa3e6d6d2a8150bde783bc279 (from https://pypi.python.org/simple/semver/), version: 2.0.2
  Found link https://pypi.python.org/packages/e3/30/9a0e4bde5ffefc844df93ca751fe6b206db33dd1514e9443f8027fce2368/semver-0.0.1.tar.gz#md5=170751fac29f4d9798b8579da26f741a (from https://pypi.python.org/simple/semver/), version: 0.0.1
  Found link https://pypi.python.org/packages/f5/53/e54d47643e69c14260e89713e04e028b08d0a1a867b1e0bc818f0ca0d63a/semver-2.7.2.tar.gz#md5=05e0f26ea1fdd95a9561fad42c1219f1 (from https://pypi.python.org/simple/semver/), version: 2.7.2
  Skipping link https://pypi.python.org/packages/fe/bf/89d75901fd847e0f0ad63d0174da54e67541c18cae8d07caf9780e562a6b/semver-2.6.0.macosx-10.11-x86_64.exe#md5=b4a5082df4ec39836d13469c873d431c (from https://pypi.python.org/simple/semver/); unknown archive format: .exe
Installed version (2.7.2) is most up-to-date (past versions: 2.7.2, 2.7.1, 2.7.0, 2.6.0, 2.5.0, 2.4.2, 2.4.1, 2.4.0, 2.3.1, 2.3.0, 2.2.1, 2.2.0, 2.1.2, 2.1.1, 2.1.0, 2.0.2, 2.0.1, 2.0.0, 0.0.2, 0.0.1)
Requirement already up-to-date: semver in /usr/local/lib/python2.7/dist-packages (from sputnik>=0.9.2,<0.10.0->spacy)

Installing collected packages: spacy, numpy, murmurhash, cymem, preshed, thinc, plac, six, cloudpickle, sputnik, ujson

  Running setup.py install for spacy

    Running command /usr/bin/python -c "import setuptools;__file__='/root/build/spacy/setup.py';exec(compile(open(__file__).read().replace('\r\n', '\n'), __file__, 'exec'))" install --single-version-externally-managed --record /tmp/pip-Yc2BZ3-record/install-record.txt
    running install
    running build
    running build_py
    running build_ext
    building 'spacy.parts_of_speech' extension

    gcc -pthread -fno-strict-aliasing -DNDEBUG -g -fwrapv -O2 -Wall -Wstrict-prototypes -fPIC -I/usr/include/python2.7 -I/root/build/spacy/include -I/usr/include/python2.7 -c spacy/parts_of_speech.cpp -o build/temp.linux-x86_64-2.7/spacy/parts_of_speech.o -O3 -Wno-strict-prototypes -Wno-unused-function -fopenmp

    cc1plus: warning: command line option ‘-Wno-strict-prototypes’ is valid for C/ObjC but not for C++ [enabled by default]

    spacy/parts_of_speech.cpp:4:20: fatal error: Python.h: No such file or directory

    compilation terminated.

    error: command 'gcc' failed with exit status 1

    Complete output from command /usr/bin/python -c "import setuptools;__file__='/root/build/spacy/setup.py';exec(compile(open(__file__).read().replace('\r\n', '\n'), __file__, 'exec'))" install --single-version-externally-managed --record /tmp/pip-Yc2BZ3-record/install-record.txt:

    running install

running build

running build_py

running build_ext

building 'spacy.parts_of_speech' extension

gcc -pthread -fno-strict-aliasing -DNDEBUG -g -fwrapv -O2 -Wall -Wstrict-prototypes -fPIC -I/usr/include/python2.7 -I/root/build/spacy/include -I/usr/include/python2.7 -c spacy/parts_of_speech.cpp -o build/temp.linux-x86_64-2.7/spacy/parts_of_speech.o -O3 -Wno-strict-prototypes -Wno-unused-function -fopenmp

cc1plus: warning: command line option ‘-Wno-strict-prototypes’ is valid for C/ObjC but not for C++ [enabled by default]

spacy/parts_of_speech.cpp:4:20: fatal error: Python.h: No such file or directory

compilation terminated.

error: command 'gcc' failed with exit status 1

----------------------------------------

Command /usr/bin/python -c "import setuptools;__file__='/root/build/spacy/setup.py';exec(compile(open(__file__).read().replace('\r\n', '\n'), __file__, 'exec'))" install --single-version-externally-managed --record /tmp/pip-Yc2BZ3-record/install-record.txt failed with error code 1 in /root/build/spacy

Exception information:
Traceback (most recent call last):
  File "/usr/lib/python2.7/dist-packages/pip/basecommand.py", line 104, in main
    status = self.run(options, args)
  File "/usr/lib/python2.7/dist-packages/pip/commands/install.py", line 250, in run
    requirement_set.install(install_options, global_options)
  File "/usr/lib/python2.7/dist-packages/pip/req.py", line 1133, in install
    requirement.install(install_options, global_options)
  File "/usr/lib/python2.7/dist-packages/pip/req.py", line 577, in install
    cwd=self.source_dir, filter_stdout=self._filter_install, show_stdout=False)
  File "/usr/lib/python2.7/dist-packages/pip/__init__.py", line 256, in call_subprocess
    % (command_desc, proc.returncode, cwd))
InstallationError: Command /usr/bin/python -c "import setuptools;__file__='/root/build/spacy/setup.py';exec(compile(open(__file__).read().replace('\r\n', '\n'), __file__, 'exec'))" install --single-version-externally-managed --record /tmp/pip-Yc2BZ3-record/install-record.txt failed with error code 1 in /root/build/spacy
